[debug] [2026-07-13T06:48:48.077Z] ----------------------------------------------------------------------
[debug] [2026-07-13T06:48:48.079Z] Command:       /home/senu/.nvm/versions/node/v24.15.0/bin/node /home/senu/.npm/_npx/ba4f1959e38407b5/node_modules/.bin/firebase apps:list --project arspray-97d30
[debug] [2026-07-13T06:48:48.080Z] CLI Version:   15.23.0
[debug] [2026-07-13T06:48:48.080Z] Platform:      linux
[debug] [2026-07-13T06:48:48.080Z] Node Version:  v24.15.0
[debug] [2026-07-13T06:48:48.080Z] Detected Agent: antigravity
[debug] [2026-07-13T06:48:48.080Z] Time:          Mon Jul 13 2026 12:18:48 GMT+0530 (India Standard Time)
[debug] [2026-07-13T06:48:48.080Z] ----------------------------------------------------------------------
[debug] 
[debug] [2026-07-13T06:48:48.111Z] > command requires scopes: ["email","openid","https://www.googleapis.com/auth/cloudplatformprojects.readonly","https://www.googleapis.com/auth/firebase","https://www.googleapis.com/auth/cloud-platform"]
[debug] [2026-07-13T06:48:48.112Z] > authorizing via signed-in user (senidunik65@gmail.com)
[debug] [2026-07-13T06:48:48.139Z] Checked if tokens are valid: true, expires at: 1783928913726
[debug] [2026-07-13T06:48:48.139Z] Checked if tokens are valid: true, expires at: 1783928913726
[debug] [2026-07-13T06:48:48.142Z] >>> [apiv2][query] GET https://firebase.googleapis.com/v1beta1/projects/arspray-97d30:searchApps pageSize=100
[debug] [2026-07-13T06:48:49.702Z] <<< [apiv2][status] GET https://firebase.googleapis.com/v1beta1/projects/arspray-97d30:searchApps 403
[debug] [2026-07-13T06:48:49.702Z] <<< [apiv2][body] GET https://firebase.googleapis.com/v1beta1/projects/arspray-97d30:searchApps {"error":{"code":403,"message":"The caller does not have permission","status":"PERMISSION_DENIED"}}
[debug] [2026-07-13T06:48:49.703Z] Request to https://firebase.googleapis.com/v1beta1/projects/arspray-97d30:searchApps?pageSize=100 had HTTP Error: 403, The caller does not have permission
[debug] [2026-07-13T06:48:50.150Z] FirebaseError: Request to https://firebase.googleapis.com/v1beta1/projects/arspray-97d30:searchApps?pageSize=100 had HTTP Error: 403, The caller does not have permission
    at responseToError (/home/senu/.npm/_npx/ba4f1959e38407b5/node_modules/firebase-tools/lib/responseToError.js:53:12)
    at RetryOperation._fn (/home/senu/.npm/_npx/ba4f1959e38407b5/node_modules/firebase-tools/lib/apiv2.js:415:77)
    at process.processTicksAndRejections (node:internal/process/task_queues:104:5)
[error] 
[error] Error: Failed to list Firebase apps. See firebase-debug.log for more info.
